<?xml version="1.0" encoding="UTF-8"?>
<!-- Generated by org.testng.reporters.JUnitReportReporter -->
<testsuite hostname="DESKTOP-QU0JI66" failures="0" tests="1" name="com.acti.base.DriverScript" time="6.943" errors="0" timestamp="2022-08-26T22:00:16 EDT" skipped="0">
  <testcase classname="com.acti.base.DriverScript" name="initapp" time="6.943"/>
  <system-out/>
</testsuite> <!-- com.acti.base.DriverScript -->
